0 info it worked if it ends with ok
1 verbose cli [ '/usr/local/bin/node', '/usr/local/bin/npm', 'install' ]
2 info using npm@3.8.6
3 info using node@v4.1.1
4 silly loadCurrentTree Starting
5 silly install loadCurrentTree
6 silly install readLocalPackageData
7 silly install normalizeTree
8 silly loadCurrentTree Finishing
9 silly loadIdealTree Starting
10 silly install loadIdealTree
11 silly cloneCurrentTree Starting
12 silly install cloneCurrentTreeToIdealTree
13 silly cloneCurrentTree Finishing
14 silly loadShrinkwrap Starting
15 silly install loadShrinkwrap
16 silly loadShrinkwrap Finishing
17 silly loadAllDepsIntoIdealTree Starting
18 silly install loadAllDepsIntoIdealTree
19 silly fetchNamedPackageData react
20 silly mapToRegistry name react
21 silly mapToRegistry using default registry
22 silly mapToRegistry registry https://registry.npm.taobao.org/
23 silly mapToRegistry data Result {
23 silly mapToRegistry   raw: 'react',
23 silly mapToRegistry   scope: null,
23 silly mapToRegistry   name: 'react',
23 silly mapToRegistry   rawSpec: '',
23 silly mapToRegistry   spec: 'latest',
23 silly mapToRegistry   type: 'tag' }
24 silly mapToRegistry uri https://registry.npm.taobao.org/react
25 silly fetchNamedPackageData react-dom
26 silly mapToRegistry name react-dom
27 silly mapToRegistry using default registry
28 silly mapToRegistry registry https://registry.npm.taobao.org/
29 silly mapToRegistry data Result {
29 silly mapToRegistry   raw: 'react-dom',
29 silly mapToRegistry   scope: null,
29 silly mapToRegistry   name: 'react-dom',
29 silly mapToRegistry   rawSpec: '',
29 silly mapToRegistry   spec: 'latest',
29 silly mapToRegistry   type: 'tag' }
30 silly mapToRegistry uri https://registry.npm.taobao.org/react-dom
31 verbose request uri https://registry.npm.taobao.org/react-dom
32 verbose request no auth needed
33 info attempt registry request try #1 at 11:23:20
34 verbose request id e038a62b1b65095d
35 verbose etag "b170-xCWaNMWpaNcDIjhBOnyRXQ"
36 http request GET https://registry.npm.taobao.org/react-dom
37 verbose request uri https://registry.npm.taobao.org/react
38 verbose request no auth needed
39 info attempt registry request try #1 at 11:23:20
40 verbose etag "20135-+/BLsT5NlOPbigv5dFuLWg"
41 http request GET https://registry.npm.taobao.org/react
42 http 200 https://registry.npm.taobao.org/react-dom
43 verbose headers { date: 'Mon, 11 Jul 2016 03:23:20 GMT',
43 verbose headers   'content-type': 'application/json; charset=utf-8',
43 verbose headers   'content-length': '46832',
43 verbose headers   connection: 'keep-alive',
43 verbose headers   etag: '"b6f0-IimNTUqdIkf0HrbqDOdKkQ"',
43 verbose headers   'x-readtime': '28' }
44 silly get cb [ 200,
44 silly get   { date: 'Mon, 11 Jul 2016 03:23:20 GMT',
44 silly get     'content-type': 'application/json; charset=utf-8',
44 silly get     'content-length': '46832',
44 silly get     connection: 'keep-alive',
44 silly get     etag: '"b6f0-IimNTUqdIkf0HrbqDOdKkQ"',
44 silly get     'x-readtime': '28' } ]
45 verbose get saving react-dom to /Users/alian/.npm/registry.npm.taobao.org/react-dom/.cache.json
46 verbose correctMkdir /Users/alian/.npm correctMkdir not in flight; initializing
47 silly fetchPackageMetaData Error: No compatible version found: react-dom@^0.15.0
47 silly fetchPackageMetaData Valid install targets:
47 silly fetchPackageMetaData 15.2.1, 15.2.0, 15.2.0-rc.2, 15.2.0-rc.1, 15.1.0, 15.1.0-alpha.1, 15.0.3-alpha.2, 15.0.3-alpha.1, 15.0.2, 15.0.2-alpha.4, 15.0.2-alpha.3, 15.0.2-alpha.2, 15.0.2-alpha.1, 15.0.1, 15.0.0, 15.0.0-rc.2, 15.0.0-rc.1, 0.15.0-alpha.1, 0.14.8, 0.14.7, 0.14.6, 0.14.5, 0.14.4, 0.14.3, 0.14.2, 0.14.1, 0.14.0, 0.14.0-rc1, 0.14.0-beta3, 0.14.0-beta2, 0.14.0-beta1, 0.1.0
47 silly fetchPackageMetaData
47 silly fetchPackageMetaData     at pickVersionFromRegistryDocument (/usr/local/lib/node_modules/npm/lib/fetch-package-metadata.js:156:16)
47 silly fetchPackageMetaData     at /usr/local/lib/node_modules/npm/node_modules/iferr/index.js:13:50
47 silly fetchPackageMetaData     at /usr/local/lib/node_modules/npm/lib/utils/pulse-till-done.js:19:8
47 silly fetchPackageMetaData     at saved (/usr/local/lib/node_modules/npm/lib/cache/caching-client.js:168:7)
47 silly fetchPackageMetaData     at /usr/local/lib/node_modules/npm/node_modules/graceful-fs/polyfills.js:210:7
47 silly fetchPackageMetaData     at FSReqWrap.oncomplete (fs.js:82:15)
47 silly fetchPackageMetaData  error for react-dom@^0.15.0 [Error: No compatible version found: react-dom@^0.15.0
47 silly fetchPackageMetaData Valid install targets:
47 silly fetchPackageMetaData 15.2.1, 15.2.0, 15.2.0-rc.2, 15.2.0-rc.1, 15.1.0, 15.1.0-alpha.1, 15.0.3-alpha.2, 15.0.3-alpha.1, 15.0.2, 15.0.2-alpha.4, 15.0.2-alpha.3, 15.0.2-alpha.2, 15.0.2-alpha.1, 15.0.1, 15.0.0, 15.0.0-rc.2, 15.0.0-rc.1, 0.15.0-alpha.1, 0.14.8, 0.14.7, 0.14.6, 0.14.5, 0.14.4, 0.14.3, 0.14.2, 0.14.1, 0.14.0, 0.14.0-rc1, 0.14.0-beta3, 0.14.0-beta2, 0.14.0-beta1, 0.1.0
47 silly fetchPackageMetaData ]
48 http 200 https://registry.npm.taobao.org/react
49 verbose headers { date: 'Mon, 11 Jul 2016 03:23:20 GMT',
49 verbose headers   'content-type': 'application/json; charset=utf-8',
49 verbose headers   'content-length': '133040',
49 verbose headers   connection: 'keep-alive',
49 verbose headers   etag: '"207b0-mXAvncXF3PF0Zkd70C61Ng"',
49 verbose headers   'x-readtime': '77' }
50 silly get cb [ 200,
50 silly get   { date: 'Mon, 11 Jul 2016 03:23:20 GMT',
50 silly get     'content-type': 'application/json; charset=utf-8',
50 silly get     'content-length': '133040',
50 silly get     connection: 'keep-alive',
50 silly get     etag: '"207b0-mXAvncXF3PF0Zkd70C61Ng"',
50 silly get     'x-readtime': '77' } ]
51 verbose get saving react to /Users/alian/.npm/registry.npm.taobao.org/react/.cache.json
52 verbose correctMkdir /Users/alian/.npm correctMkdir not in flight; initializing
53 silly fetchPackageMetaData Error: No compatible version found: react@^0.15.0
53 silly fetchPackageMetaData Valid install targets:
53 silly fetchPackageMetaData 15.2.1, 15.2.0, 15.2.0-rc.2, 15.2.0-rc.1, 15.1.0, 15.1.0-alpha.1, 15.0.3-alpha.2, 15.0.3-alpha.1, 15.0.2, 15.0.2-alpha.4, 15.0.2-alpha.3, 15.0.2-alpha.2, 15.0.2-alpha.1, 15.0.1, 15.0.0, 15.0.0-rc.2, 15.0.0-rc.1, 0.15.0-alpha.1, 0.14.8, 0.14.7, 0.14.6, 0.14.5, 0.14.4, 0.14.3, 0.14.2, 0.14.1, 0.14.0, 0.14.0-rc1, 0.14.0-beta3, 0.14.0-beta2, 0.14.0-beta1, 0.14.0-alpha3, 0.14.0-alpha2, 0.14.0-alpha1, 0.13.3, 0.13.2, 0.13.1, 0.13.0, 0.13.0-rc2, 0.13.0-rc1, 0.13.0-beta.2, 0.13.0-beta.1, 0.13.0-alpha.2, 0.13.0-alpha.1, 0.12.2, 0.12.1, 0.12.0, 0.12.0-rc1, 0.11.2, 0.11.1, 0.11.0, 0.11.0-rc1, 0.10.0, 0.10.0-rc1, 0.9.0, 0.9.0-rc1, 0.8.0, 0.7.1, 0.7.0, 0.6.3, 0.6.2, 0.6.1, 0.6.0, 0.5.2, 0.5.1, 0.5.0, 0.3.5, 0.3.4, 0.3.0, 0.2.6, 0.2.5, 0.2.4, 0.2.3, 0.2.2, 0.2.1, 0.2.0, 0.1.2, 0.0.3, 0.0.2, 0.0.1
53 silly fetchPackageMetaData
53 silly fetchPackageMetaData     at pickVersionFromRegistryDocument (/usr/local/lib/node_modules/npm/lib/fetch-package-metadata.js:156:16)
53 silly fetchPackageMetaData     at /usr/local/lib/node_modules/npm/node_modules/iferr/index.js:13:50
53 silly fetchPackageMetaData     at /usr/local/lib/node_modules/npm/lib/utils/pulse-till-done.js:19:8
53 silly fetchPackageMetaData     at saved (/usr/local/lib/node_modules/npm/lib/cache/caching-client.js:168:7)
53 silly fetchPackageMetaData     at /usr/local/lib/node_modules/npm/node_modules/graceful-fs/polyfills.js:210:7
53 silly fetchPackageMetaData     at FSReqWrap.oncomplete (fs.js:82:15)
53 silly fetchPackageMetaData  error for react@^0.15.0 [Error: No compatible version found: react@^0.15.0
53 silly fetchPackageMetaData Valid install targets:
53 silly fetchPackageMetaData 15.2.1, 15.2.0, 15.2.0-rc.2, 15.2.0-rc.1, 15.1.0, 15.1.0-alpha.1, 15.0.3-alpha.2, 15.0.3-alpha.1, 15.0.2, 15.0.2-alpha.4, 15.0.2-alpha.3, 15.0.2-alpha.2, 15.0.2-alpha.1, 15.0.1, 15.0.0, 15.0.0-rc.2, 15.0.0-rc.1, 0.15.0-alpha.1, 0.14.8, 0.14.7, 0.14.6, 0.14.5, 0.14.4, 0.14.3, 0.14.2, 0.14.1, 0.14.0, 0.14.0-rc1, 0.14.0-beta3, 0.14.0-beta2, 0.14.0-beta1, 0.14.0-alpha3, 0.14.0-alpha2, 0.14.0-alpha1, 0.13.3, 0.13.2, 0.13.1, 0.13.0, 0.13.0-rc2, 0.13.0-rc1, 0.13.0-beta.2, 0.13.0-beta.1, 0.13.0-alpha.2, 0.13.0-alpha.1, 0.12.2, 0.12.1, 0.12.0, 0.12.0-rc1, 0.11.2, 0.11.1, 0.11.0, 0.11.0-rc1, 0.10.0, 0.10.0-rc1, 0.9.0, 0.9.0-rc1, 0.8.0, 0.7.1, 0.7.0, 0.6.3, 0.6.2, 0.6.1, 0.6.0, 0.5.2, 0.5.1, 0.5.0, 0.3.5, 0.3.4, 0.3.0, 0.2.6, 0.2.5, 0.2.4, 0.2.3, 0.2.2, 0.2.1, 0.2.0, 0.1.2, 0.0.3, 0.0.2, 0.0.1
53 silly fetchPackageMetaData ]
54 silly rollbackFailedOptional Starting
55 silly rollbackFailedOptional Finishing
56 silly runTopLevelLifecycles Starting
57 silly runTopLevelLifecycles Finishing
58 silly install printInstalled
59 verbose stack Error: No compatible version found: react-dom@^0.15.0
59 verbose stack Valid install targets:
59 verbose stack 15.2.1, 15.2.0, 15.2.0-rc.2, 15.2.0-rc.1, 15.1.0, 15.1.0-alpha.1, 15.0.3-alpha.2, 15.0.3-alpha.1, 15.0.2, 15.0.2-alpha.4, 15.0.2-alpha.3, 15.0.2-alpha.2, 15.0.2-alpha.1, 15.0.1, 15.0.0, 15.0.0-rc.2, 15.0.0-rc.1, 0.15.0-alpha.1, 0.14.8, 0.14.7, 0.14.6, 0.14.5, 0.14.4, 0.14.3, 0.14.2, 0.14.1, 0.14.0, 0.14.0-rc1, 0.14.0-beta3, 0.14.0-beta2, 0.14.0-beta1, 0.1.0
59 verbose stack
59 verbose stack     at pickVersionFromRegistryDocument (/usr/local/lib/node_modules/npm/lib/fetch-package-metadata.js:156:16)
59 verbose stack     at /usr/local/lib/node_modules/npm/node_modules/iferr/index.js:13:50
59 verbose stack     at /usr/local/lib/node_modules/npm/lib/utils/pulse-till-done.js:19:8
59 verbose stack     at saved (/usr/local/lib/node_modules/npm/lib/cache/caching-client.js:168:7)
59 verbose stack     at /usr/local/lib/node_modules/npm/node_modules/graceful-fs/polyfills.js:210:7
59 verbose stack     at FSReqWrap.oncomplete (fs.js:82:15)
60 verbose cwd /Users/alian/Documents/work/wenwen /Project/wechat-express
61 error Darwin 15.5.0
62 error argv "/usr/local/bin/node" "/usr/local/bin/npm" "install"
63 error node v4.1.1
64 error npm  v3.8.6
65 error No compatible version found: react-dom@^0.15.0
65 error Valid install targets:
65 error 15.2.1, 15.2.0, 15.2.0-rc.2, 15.2.0-rc.1, 15.1.0, 15.1.0-alpha.1, 15.0.3-alpha.2, 15.0.3-alpha.1, 15.0.2, 15.0.2-alpha.4, 15.0.2-alpha.3, 15.0.2-alpha.2, 15.0.2-alpha.1, 15.0.1, 15.0.0, 15.0.0-rc.2, 15.0.0-rc.1, 0.15.0-alpha.1, 0.14.8, 0.14.7, 0.14.6, 0.14.5, 0.14.4, 0.14.3, 0.14.2, 0.14.1, 0.14.0, 0.14.0-rc1, 0.14.0-beta3, 0.14.0-beta2, 0.14.0-beta1, 0.1.0
66 error If you need help, you may report this error at:
66 error     <https://github.com/npm/npm/issues>
67 verbose exit [ 1, true ]
